<?xml version="1.0" encoding="UTF-8" ?>
<testsuite failures="0" time="50.334" errors="0" skipped="0" tests="1" name="com.olivelabs.data.NodeTest">
  <properties>
    <property name="java.runtime.name" value="Java(TM) SE Runtime Environment"/>
    <property name="sun.boot.library.path" value="/home/kenshin/devtools/jdk1.6.0_18/jre/lib/i386"/>
    <property name="java.vm.version" value="16.0-b13"/>
    <property name="java.vm.vendor" value="Sun Microsystems Inc."/>
    <property name="java.vendor.url" value="http://java.sun.com/"/>
    <property name="path.separator" value=":"/>
    <property name="java.vm.name" value="Java HotSpot(TM) Server VM"/>
    <property name="file.encoding.pkg" value="sun.io"/>
    <property name="user.country" value="IN"/>
    <property name="sun.java.launcher" value="SUN_STANDARD"/>
    <property name="sun.os.patch.level" value="unknown"/>
    <property name="java.vm.specification.name" value="Java Virtual Machine Specification"/>
    <property name="user.dir" value="/home/kenshin/projects/Load-Balancer"/>
    <property name="java.runtime.version" value="1.6.0_18-b07"/>
    <property name="java.awt.graphicsenv" value="sun.awt.X11GraphicsEnvironment"/>
    <property name="basedir" value="/home/kenshin/projects/Load-Balancer"/>
    <property name="java.endorsed.dirs" value="/home/kenshin/devtools/jdk1.6.0_18/jre/lib/endorsed"/>
    <property name="os.arch" value="i386"/>
    <property name="surefire.real.class.path" value="/tmp/surefirebooter8462357740998530453.jar"/>
    <property name="java.io.tmpdir" value="/tmp"/>
    <property name="line.separator" value="
"/>
    <property name="java.vm.specification.vendor" value="Sun Microsystems Inc."/>
    <property name="os.name" value="Linux"/>
    <property name="sun.jnu.encoding" value="UTF-8"/>
    <property name="java.library.path" value="/home/kenshin/devtools/jdk1.6.0_18/jre/lib/i386/server:/home/kenshin/devtools/jdk1.6.0_18/jre/lib/i386:/home/kenshin/devtools/jdk1.6.0_18/jre/../lib/i386:/usr/java/packages/lib/i386:/lib:/usr/lib"/>
    <property name="surefire.test.class.path" value="/home/kenshin/projects/Load-Balancer/target/test-classes:/home/kenshin/projects/Load-Balancer/target/classes:/home/kenshin/.m2/repository/junit/junit/4.8.2/junit-4.8.2.jar:/home/kenshin/.m2/repository/org/easymock/easymock/3.0/easymock-3.0.jar:/home/kenshin/.m2/repository/cglib/cglib-nodep/2.2/cglib-nodep-2.2.jar:/home/kenshin/.m2/repository/org/objenesis/objenesis/1.2/objenesis-1.2.jar:"/>
    <property name="java.specification.name" value="Java Platform API Specification"/>
    <property name="java.class.version" value="50.0"/>
    <property name="sun.management.compiler" value="HotSpot Tiered Compilers"/>
    <property name="os.version" value="2.6.38-8-generic"/>
    <property name="user.home" value="/home/kenshin"/>
    <property name="user.timezone" value=""/>
    <property name="java.awt.printerjob" value="sun.print.PSPrinterJob"/>
    <property name="file.encoding" value="UTF-8"/>
    <property name="java.specification.version" value="1.6"/>
    <property name="user.name" value="kenshin"/>
    <property name="java.class.path" value="/home/kenshin/projects/Load-Balancer/target/test-classes:/home/kenshin/projects/Load-Balancer/target/classes:/home/kenshin/.m2/repository/junit/junit/4.8.2/junit-4.8.2.jar:/home/kenshin/.m2/repository/org/easymock/easymock/3.0/easymock-3.0.jar:/home/kenshin/.m2/repository/cglib/cglib-nodep/2.2/cglib-nodep-2.2.jar:/home/kenshin/.m2/repository/org/objenesis/objenesis/1.2/objenesis-1.2.jar:"/>
    <property name="java.vm.specification.version" value="1.0"/>
    <property name="sun.arch.data.model" value="32"/>
    <property name="java.home" value="/home/kenshin/devtools/jdk1.6.0_18/jre"/>
    <property name="java.specification.vendor" value="Sun Microsystems Inc."/>
    <property name="user.language" value="en"/>
    <property name="java.vm.info" value="mixed mode"/>
    <property name="java.version" value="1.6.0_18"/>
    <property name="java.ext.dirs" value="/home/kenshin/devtools/jdk1.6.0_18/jre/lib/ext:/usr/java/packages/lib/ext"/>
    <property name="sun.boot.class.path" value="/home/kenshin/devtools/jdk1.6.0_18/jre/lib/resources.jar:/home/kenshin/devtools/jdk1.6.0_18/jre/lib/rt.jar:/home/kenshin/devtools/jdk1.6.0_18/jre/lib/sunrsasign.jar:/home/kenshin/devtools/jdk1.6.0_18/jre/lib/jsse.jar:/home/kenshin/devtools/jdk1.6.0_18/jre/lib/jce.jar:/home/kenshin/devtools/jdk1.6.0_18/jre/lib/charsets.jar:/home/kenshin/devtools/jdk1.6.0_18/jre/classes"/>
    <property name="java.vendor" value="Sun Microsystems Inc."/>
    <property name="localRepository" value="/home/kenshin/.m2/repository"/>
    <property name="file.separator" value="/"/>
    <property name="java.vendor.url.bug" value="http://java.sun.com/cgi-bin/bugreport.cgi"/>
    <property name="sun.cpu.endian" value="little"/>
    <property name="sun.io.unicode.encoding" value="UnicodeLittle"/>
    <property name="sun.desktop" value="gnome"/>
    <property name="sun.cpu.isalist" value=""/>
  </properties>
  <testcase time="50.332" classname="com.olivelabs.data.NodeTest" name="testNodeRequestSending"/>
</testsuite>